<?xml version="1.0" encoding="UTF-8"?>
<!-- Generated by org.testng.reporters.JUnitXMLReporter -->
<testsuite ignored="2" hostname="DESKTOP-9E95C5R" failures="0" tests="2" name="Test2" time="76.413" errors="0" timestamp="20 May 2022 04:44:18 GMT">
  <testcase classname="com.vtiger.organization.Test.CreateOrganizationTest" name="createOrganizationTest" time="24.54"/>
  <testcase classname="com.vtigar.campaings.Test.CreateCampaignsTest" name="createcampaignsPracticeTest" time="21.227"/>
  <testcase classname="com.SDET34L1.GenericLibrary.BaseClass" name="@BeforeSuite beforeSuiteTest" time="0.0">
    <ignored/>
  </testcase> <!-- @BeforeSuite beforeSuiteTest -->
  <testcase classname="com.SDET34L1.GenericLibrary.BaseClass" name="@AfterSuite afterSuiteTest" time="0.0">
    <ignored/>
  </testcase> <!-- @AfterSuite afterSuiteTest -->
</testsuite> <!-- Test2 -->
