<?xml version="1.0" encoding="UTF-8"?>
<!-- Generated by org.testng.reporters.JUnitXMLReporter -->
<testsuite ignored="2" hostname="DESKTOP-9E95C5R" failures="0" tests="2" name="Test1" time="93.353" errors="0" timestamp="20 May 2022 04:44:35 GMT">
  <testcase classname="com.vtiger.contacts.Test.CreateContactsWithOrganizationTest" name="createContactsWithOrganizationTest" time="46.231"/>
  <testcase classname="com.vtiger.organization.Test.CreateOrganizationWithIndustryAndTypeTest" name="createOrganizationWithIndustryAndTypeTest" time="18.948"/>
  <testcase classname="com.SDET34L1.GenericLibrary.BaseClass" name="@BeforeSuite beforeSuiteTest" time="0.0">
    <ignored/>
  </testcase> <!-- @BeforeSuite beforeSuiteTest -->
  <testcase classname="com.SDET34L1.GenericLibrary.BaseClass" name="@AfterSuite afterSuiteTest" time="0.0">
    <ignored/>
  </testcase> <!-- @AfterSuite afterSuiteTest -->
</testsuite> <!-- Test1 -->
