<?xml version="1.0" encoding="UTF-8"?>
<testng-results ignored="0" total="1" passed="1" failed="0" skipped="0">
  <reporter-output>
  </reporter-output>
  <suite started-at="2022-05-24T12:36:28Z" name="Suite" finished-at="2022-05-24T12:36:30Z" duration-ms="1848">
    <groups>
    </groups>
    <test started-at="2022-05-24T12:36:28Z" name="Test" finished-at="2022-05-24T12:36:30Z" duration-ms="1848">
      <class name="com.vtiger.practice.Test.practice1Test">
        <test-method signature="practice1()[pri:0, instance:com.vtiger.practice.Test.practice1Test@6778aea6]" started-at="2022-05-24T12:36:29Z" name="practice1" finished-at="2022-05-24T12:36:29Z" duration-ms="332" status="PASS">
          <reporter-output>
          </reporter-output>
        </test-method> <!-- practice1 -->
      </class> <!-- com.vtiger.practice.Test.practice1Test -->
    </test> <!-- Test -->
  </suite> <!-- Suite -->
</testng-results>
